2019-10-23 16:04:43.463 [main] INFO  VMInfo - VMInfo# operatingSystem class => sun.management.OperatingSystemImpl
2019-10-23 16:04:43.468 [main] INFO  Engine - the machine info  => 

	osInfo:	Oracle Corporation 1.8 25.221-b11
	jvmInfo:	Windows 10 amd64 10.0
	cpu num:	6

	totalPhysicalMemory:	-0.00G
	freePhysicalMemory:	-0.00G
	maxFileDescriptorCount:	-1
	currentOpenFileDescriptorCount:	-1

	GC Names	[PS MarkSweep, PS Scavenge]

	MEMORY_NAME                    | allocation_size                | init_size                      
	PS Eden Space                  | 256.00MB                       | 256.00MB                       
	Code Cache                     | 240.00MB                       | 2.44MB                         
	Compressed Class Space         | 1,024.00MB                     | 0.00MB                         
	PS Survivor Space              | 42.50MB                        | 42.50MB                        
	PS Old Gen                     | 683.00MB                       | 683.00MB                       
	Metaspace                      | -0.00MB                        | 0.00MB                         


2019-10-23 16:04:43.480 [main] INFO  Engine - 
{
	"content":[
		{
			"reader":{
				"name":"mysqlreader",
				"parameter":{
					"column":[
						"*"
					],
					"connection":[
						{
							"jdbcUrl":[
								"jdbc:mysql://localhost:3306/demo?serverTimezone=UTC"
							],
							"table":[
								"user"
							]
						}
					],
					"password":"****",
					"username":"root"
				}
			},
			"writer":{
				"name":"mysqlwriter",
				"parameter":{
					"column":[
						"*"
					],
					"connection":[
						{
							"jdbcUrl":"jdbc:mysql://localhost:3306/demo?serverTimezone=UTC",
							"table":[
								"user_target"
							]
						}
					],
					"password":"****",
					"session":[],
					"username":"root",
					"writeMode":"insert"
				}
			}
		}
	],
	"setting":{
		"speed":{
			"channel":""
		}
	}
}

2019-10-23 16:04:43.490 [main] WARN  Engine - prioriy set to 0, because NumberFormatException, the value is: null
2019-10-23 16:04:43.491 [main] INFO  PerfTrace - PerfTrace traceId=job_-1, isEnable=false, priority=0
2019-10-23 16:04:43.492 [main] INFO  JobContainer - DataX jobContainer starts job.
2019-10-23 16:04:43.493 [main] INFO  JobContainer - Set jobId = 0
2019-10-23 16:04:48.996 [job-0] INFO  OriginalConfPretreatmentUtil - Available jdbcUrl:jdbc:mysql://localhost:3306/demo?serverTimezone=UTC&yearIsDateType=false&zeroDateTimeBehavior=convertToNull&tinyInt1isBit=false&rewriteBatchedStatements=true.
2019-10-23 16:04:48.997 [job-0] WARN  OriginalConfPretreatmentUtil - 您的配置文件中的列配置存在一定的风险. 因为您未配置读取数据库表的列，当您的表字段个数、类型有变动时，可能影响任务正确性甚至会运行出错。请检查您的配置并作出修改.
2019-10-23 16:04:49.110 [job-0] INFO  OriginalConfPretreatmentUtil - table:[user_target] all columns:[
id,username,password
].
2019-10-23 16:04:49.110 [job-0] WARN  OriginalConfPretreatmentUtil - 您的配置文件中的列配置信息存在风险. 因为您配置的写入数据库表的列为*，当您的表字段个数、类型有变动时，可能影响任务正确性甚至会运行出错。请检查您的配置并作出修改.
2019-10-23 16:04:49.111 [job-0] INFO  OriginalConfPretreatmentUtil - Write data [
insert INTO %s (id,username,password) VALUES(?,?,?)
], which jdbcUrl like:[jdbc:mysql://localhost:3306/demo?serverTimezone=UTC&yearIsDateType=false&zeroDateTimeBehavior=convertToNull&tinyInt1isBit=false&rewriteBatchedStatements=true]
2019-10-23 16:04:49.112 [job-0] INFO  JobContainer - jobContainer starts to do prepare ...
2019-10-23 16:04:49.112 [job-0] INFO  JobContainer - DataX Reader.Job [mysqlreader] do prepare work .
2019-10-23 16:04:49.112 [job-0] INFO  JobContainer - DataX Writer.Job [mysqlwriter] do prepare work .
2019-10-23 16:04:49.112 [job-0] INFO  JobContainer - jobContainer starts to do split ...
2019-10-23 16:04:49.114 [job-0] ERROR JobContainer - Exception when job run
com.alibaba.datax.common.exception.DataXException: Code:[Common-00], Describe:[您提供的配置文件存在错误信息，请检查您的作业配置 .] - 任务读取配置文件出错. 配置文件路径[job.setting.speed.channel] 值非法, 期望是整数类型: For input string: "". 请检查您的配置并作出修改.
	at com.alibaba.datax.common.exception.DataXException.asDataXException(DataXException.java:26) ~[datax-common-0.0.1-SNAPSHOT.jar:na]
	at com.alibaba.datax.common.util.Configuration.getInt(Configuration.java:314) ~[datax-common-0.0.1-SNAPSHOT.jar:na]
	at com.alibaba.datax.common.util.Configuration.getInt(Configuration.java:327) ~[datax-common-0.0.1-SNAPSHOT.jar:na]
	at com.alibaba.datax.core.job.JobContainer.adjustChannelNumber(JobContainer.java:471) ~[datax-core-0.0.1-SNAPSHOT.jar:na]
	at com.alibaba.datax.core.job.JobContainer.split(JobContainer.java:387) ~[datax-core-0.0.1-SNAPSHOT.jar:na]
	at com.alibaba.datax.core.job.JobContainer.start(JobContainer.java:117) ~[datax-core-0.0.1-SNAPSHOT.jar:na]
	at com.alibaba.datax.core.Engine.start(Engine.java:92) [datax-core-0.0.1-SNAPSHOT.jar:na]
	at com.alibaba.datax.core.Engine.entry(Engine.java:171) [datax-core-0.0.1-SNAPSHOT.jar:na]
	at com.alibaba.datax.core.Engine.main(Engine.java:204) [datax-core-0.0.1-SNAPSHOT.jar:na]
2019-10-23 16:04:49.117 [job-0] INFO  StandAloneJobContainerCommunicator - Total 0 records, 0 bytes | Speed 0B/s, 0 records/s | Error 0 records, 0 bytes |  All Task WaitWriterTime 0.000s |  All Task WaitReaderTime 0.000s | Percentage 0.00%
2019-10-23 16:04:49.118 [job-0] ERROR Engine - 

经DataX智能分析,该任务最可能的错误原因是:
com.alibaba.datax.common.exception.DataXException: Code:[Common-00], Describe:[您提供的配置文件存在错误信息，请检查您的作业配置 .] - 任务读取配置文件出错. 配置文件路径[job.setting.speed.channel] 值非法, 期望是整数类型: For input string: "". 请检查您的配置并作出修改.
	at com.alibaba.datax.common.exception.DataXException.asDataXException(DataXException.java:26)
	at com.alibaba.datax.common.util.Configuration.getInt(Configuration.java:314)
	at com.alibaba.datax.common.util.Configuration.getInt(Configuration.java:327)
	at com.alibaba.datax.core.job.JobContainer.adjustChannelNumber(JobContainer.java:471)
	at com.alibaba.datax.core.job.JobContainer.split(JobContainer.java:387)
	at com.alibaba.datax.core.job.JobContainer.start(JobContainer.java:117)
	at com.alibaba.datax.core.Engine.start(Engine.java:92)
	at com.alibaba.datax.core.Engine.entry(Engine.java:171)
	at com.alibaba.datax.core.Engine.main(Engine.java:204)

