2019-10-23 16:07:45.227 [main] INFO  VMInfo - VMInfo# operatingSystem class => sun.management.OperatingSystemImpl
2019-10-23 16:07:45.233 [main] INFO  Engine - the machine info  => 

	osInfo:	Oracle Corporation 1.8 25.221-b11
	jvmInfo:	Windows 10 amd64 10.0
	cpu num:	6

	totalPhysicalMemory:	-0.00G
	freePhysicalMemory:	-0.00G
	maxFileDescriptorCount:	-1
	currentOpenFileDescriptorCount:	-1

	GC Names	[PS MarkSweep, PS Scavenge]

	MEMORY_NAME                    | allocation_size                | init_size                      
	PS Eden Space                  | 256.00MB                       | 256.00MB                       
	Code Cache                     | 240.00MB                       | 2.44MB                         
	Compressed Class Space         | 1,024.00MB                     | 0.00MB                         
	PS Survivor Space              | 42.50MB                        | 42.50MB                        
	PS Old Gen                     | 683.00MB                       | 683.00MB                       
	Metaspace                      | -0.00MB                        | 0.00MB                         


2019-10-23 16:07:45.245 [main] INFO  Engine - 
{
	"content":[
		{
			"reader":{
				"name":"mysqlreader",
				"parameter":{
					"column":[
						"*"
					],
					"connection":[
						{
							"jdbcUrl":[
								"jdbc:mysql://localhost:3306/demo?serverTimezone=UTC"
							],
							"table":[
								"user"
							]
						}
					],
					"password":"****",
					"username":"root"
				}
			},
			"writer":{
				"name":"mysqlwriter",
				"parameter":{
					"column":[
						"*"
					],
					"connection":[
						{
							"jdbcUrl":"jdbc:mysql://localhost:3306/demo?serverTimezone=UTC",
							"table":[
								"user_target"
							]
						}
					],
					"password":"****",
					"session":[],
					"username":"root",
					"writeMode":"insert"
				}
			}
		}
	],
	"setting":{
		"speed":{
			"channel":"3"
		}
	}
}

2019-10-23 16:07:45.255 [main] WARN  Engine - prioriy set to 0, because NumberFormatException, the value is: null
2019-10-23 16:07:45.256 [main] INFO  PerfTrace - PerfTrace traceId=job_-1, isEnable=false, priority=0
2019-10-23 16:07:45.256 [main] INFO  JobContainer - DataX jobContainer starts job.
2019-10-23 16:07:45.257 [main] INFO  JobContainer - Set jobId = 0
2019-10-23 16:07:50.741 [job-0] INFO  OriginalConfPretreatmentUtil - Available jdbcUrl:jdbc:mysql://localhost:3306/demo?serverTimezone=UTC&yearIsDateType=false&zeroDateTimeBehavior=convertToNull&tinyInt1isBit=false&rewriteBatchedStatements=true.
2019-10-23 16:07:50.741 [job-0] WARN  OriginalConfPretreatmentUtil - 您的配置文件中的列配置存在一定的风险. 因为您未配置读取数据库表的列，当您的表字段个数、类型有变动时，可能影响任务正确性甚至会运行出错。请检查您的配置并作出修改.
2019-10-23 16:07:50.868 [job-0] INFO  OriginalConfPretreatmentUtil - table:[user_target] all columns:[
id,username,password
].
2019-10-23 16:07:50.868 [job-0] WARN  OriginalConfPretreatmentUtil - 您的配置文件中的列配置信息存在风险. 因为您配置的写入数据库表的列为*，当您的表字段个数、类型有变动时，可能影响任务正确性甚至会运行出错。请检查您的配置并作出修改.
2019-10-23 16:07:50.869 [job-0] INFO  OriginalConfPretreatmentUtil - Write data [
insert INTO %s (id,username,password) VALUES(?,?,?)
], which jdbcUrl like:[jdbc:mysql://localhost:3306/demo?serverTimezone=UTC&yearIsDateType=false&zeroDateTimeBehavior=convertToNull&tinyInt1isBit=false&rewriteBatchedStatements=true]
2019-10-23 16:07:50.869 [job-0] INFO  JobContainer - jobContainer starts to do prepare ...
2019-10-23 16:07:50.869 [job-0] INFO  JobContainer - DataX Reader.Job [mysqlreader] do prepare work .
2019-10-23 16:07:50.869 [job-0] INFO  JobContainer - DataX Writer.Job [mysqlwriter] do prepare work .
2019-10-23 16:07:50.870 [job-0] INFO  JobContainer - jobContainer starts to do split ...
2019-10-23 16:07:50.870 [job-0] INFO  JobContainer - Job set Channel-Number to 3 channels.
2019-10-23 16:07:50.872 [job-0] INFO  JobContainer - DataX Reader.Job [mysqlreader] splits to [1] tasks.
2019-10-23 16:07:50.872 [job-0] INFO  JobContainer - DataX Writer.Job [mysqlwriter] splits to [1] tasks.
2019-10-23 16:07:50.883 [job-0] INFO  JobContainer - jobContainer starts to do schedule ...
2019-10-23 16:07:50.885 [job-0] INFO  JobContainer - Scheduler starts [1] taskGroups.
2019-10-23 16:07:50.886 [job-0] INFO  JobContainer - Running by standalone Mode.
2019-10-23 16:07:50.889 [taskGroup-0] INFO  TaskGroupContainer - taskGroupId=[0] start [1] channels for [1] tasks.
2019-10-23 16:07:50.892 [taskGroup-0] INFO  Channel - Channel set byte_speed_limit to -1, No bps activated.
2019-10-23 16:07:50.892 [taskGroup-0] INFO  Channel - Channel set record_speed_limit to -1, No tps activated.
2019-10-23 16:07:50.899 [taskGroup-0] INFO  TaskGroupContainer - taskGroup[0] taskId[0] attemptCount[1] is started
2019-10-23 16:07:50.902 [0-0-0-reader] INFO  CommonRdbmsReader$Task - Begin to read record by Sql: [select * from user 
] jdbcUrl:[jdbc:mysql://localhost:3306/demo?serverTimezone=UTC&yearIsDateType=false&zeroDateTimeBehavior=convertToNull&tinyInt1isBit=false&rewriteBatchedStatements=true].
2019-10-23 16:07:50.959 [0-0-0-reader] INFO  CommonRdbmsReader$Task - Finished read record by Sql: [select * from user 
] jdbcUrl:[jdbc:mysql://localhost:3306/demo?serverTimezone=UTC&yearIsDateType=false&zeroDateTimeBehavior=convertToNull&tinyInt1isBit=false&rewriteBatchedStatements=true].
2019-10-23 16:07:51.100 [taskGroup-0] INFO  TaskGroupContainer - taskGroup[0] taskId[0] is successed, used[202]ms
2019-10-23 16:07:51.100 [taskGroup-0] INFO  TaskGroupContainer - taskGroup[0] completed it's tasks.
2019-10-23 16:08:00.902 [job-0] INFO  StandAloneJobContainerCommunicator - Total 3 records, 34 bytes | Speed 3B/s, 0 records/s | Error 0 records, 0 bytes |  All Task WaitWriterTime 0.000s |  All Task WaitReaderTime 0.000s | Percentage 100.00%
2019-10-23 16:08:00.902 [job-0] INFO  AbstractScheduler - Scheduler accomplished all tasks.
2019-10-23 16:08:00.902 [job-0] INFO  JobContainer - DataX Writer.Job [mysqlwriter] do post work.
2019-10-23 16:08:00.902 [job-0] INFO  JobContainer - DataX Reader.Job [mysqlreader] do post work.
2019-10-23 16:08:00.902 [job-0] INFO  JobContainer - DataX jobId [0] completed successfully.
2019-10-23 16:08:00.902 [job-0] INFO  HookInvoker - No hook invoked, because base dir not exists or is a file: E:\卫星时序数据异常检测\dodo\static\datax\hook
2019-10-23 16:08:00.903 [job-0] INFO  JobContainer - 
	 [total cpu info] => 
		averageCpu                     | maxDeltaCpu                    | minDeltaCpu                    
		-1.00%                         | -1.00%                         | -1.00%
                        

	 [total gc info] => 
		 NAME                 | totalGCCount       | maxDeltaGCCount    | minDeltaGCCount    | totalGCTime        | maxDeltaGCTime     | minDeltaGCTime     
		 PS MarkSweep         | 1                  | 1                  | 1                  | 0.019s             | 0.019s             | 0.019s             
		 PS Scavenge          | 1                  | 1                  | 1                  | 0.009s             | 0.009s             | 0.009s             

2019-10-23 16:08:00.903 [job-0] INFO  JobContainer - PerfTrace not enable!
2019-10-23 16:08:00.903 [job-0] INFO  StandAloneJobContainerCommunicator - Total 3 records, 34 bytes | Speed 3B/s, 0 records/s | Error 0 records, 0 bytes |  All Task WaitWriterTime 0.000s |  All Task WaitReaderTime 0.000s | Percentage 100.00%
2019-10-23 16:08:00.904 [job-0] INFO  JobContainer - 
任务启动时刻                    : 2019-10-23 16:07:45
任务结束时刻                    : 2019-10-23 16:08:00
任务总计耗时                    :                 15s
任务平均流量                    :                3B/s
记录写入速度                    :              0rec/s
读出记录总数                    :                   3
读写失败总数                    :                   0

