2019-10-22 15:20:56.741 [main] INFO  VMInfo - VMInfo# operatingSystem class => sun.management.OperatingSystemImpl
2019-10-22 15:20:56.746 [main] INFO  Engine - the machine info  => 

	osInfo:	Oracle Corporation 1.8 25.221-b11
	jvmInfo:	Windows 10 amd64 10.0
	cpu num:	6

	totalPhysicalMemory:	-0.00G
	freePhysicalMemory:	-0.00G
	maxFileDescriptorCount:	-1
	currentOpenFileDescriptorCount:	-1

	GC Names	[PS MarkSweep, PS Scavenge]

	MEMORY_NAME                    | allocation_size                | init_size                      
	PS Eden Space                  | 256.00MB                       | 256.00MB                       
	Code Cache                     | 240.00MB                       | 2.44MB                         
	Compressed Class Space         | 1,024.00MB                     | 0.00MB                         
	PS Survivor Space              | 42.50MB                        | 42.50MB                        
	PS Old Gen                     | 683.00MB                       | 683.00MB                       
	Metaspace                      | -0.00MB                        | 0.00MB                         


2019-10-22 15:20:56.844 [main] INFO  Engine - 
{
	"content":[
		{
			"reader":{
				"name":"mysqlreader",
				"parameter":{
					"column":[
						"*"
					],
					"connection":[
						{
							"jdbcUrl":[
								"jdbc:mysql://localhost:3306/demo?serverTimezone=UTC"
							],
							"table":[
								"person"
							]
						}
					],
					"password":"****",
					"username":"root"
				}
			},
			"writer":{
				"name":"streamwriter",
				"parameter":{
					"encoding":"UTF-8",
					"print":true
				}
			}
		}
	],
	"setting":{
		"speed":{
			"channel":"3"
		}
	}
}

2019-10-22 15:20:56.854 [main] WARN  Engine - prioriy set to 0, because NumberFormatException, the value is: null
2019-10-22 15:20:56.855 [main] INFO  PerfTrace - PerfTrace traceId=job_-1, isEnable=false, priority=0
2019-10-22 15:20:56.856 [main] INFO  JobContainer - DataX jobContainer starts job.
2019-10-22 15:20:56.857 [main] INFO  JobContainer - Set jobId = 0
2019-10-22 15:21:02.345 [job-0] INFO  OriginalConfPretreatmentUtil - Available jdbcUrl:jdbc:mysql://localhost:3306/demo?serverTimezone=UTC&yearIsDateType=false&zeroDateTimeBehavior=convertToNull&tinyInt1isBit=false&rewriteBatchedStatements=true.
2019-10-22 15:21:02.345 [job-0] WARN  OriginalConfPretreatmentUtil - 您的配置文件中的列配置存在一定的风险. 因为您未配置读取数据库表的列，当您的表字段个数、类型有变动时，可能影响任务正确性甚至会运行出错。请检查您的配置并作出修改.
2019-10-22 15:21:02.351 [job-0] INFO  JobContainer - jobContainer starts to do prepare ...
2019-10-22 15:21:02.351 [job-0] INFO  JobContainer - DataX Reader.Job [mysqlreader] do prepare work .
2019-10-22 15:21:02.351 [job-0] INFO  JobContainer - DataX Writer.Job [streamwriter] do prepare work .
2019-10-22 15:21:02.352 [job-0] INFO  JobContainer - jobContainer starts to do split ...
2019-10-22 15:21:02.352 [job-0] INFO  JobContainer - Job set Channel-Number to 3 channels.
2019-10-22 15:21:02.354 [job-0] INFO  JobContainer - DataX Reader.Job [mysqlreader] splits to [1] tasks.
2019-10-22 15:21:02.354 [job-0] INFO  JobContainer - DataX Writer.Job [streamwriter] splits to [1] tasks.
2019-10-22 15:21:02.364 [job-0] INFO  JobContainer - jobContainer starts to do schedule ...
2019-10-22 15:21:02.366 [job-0] INFO  JobContainer - Scheduler starts [1] taskGroups.
2019-10-22 15:21:02.367 [job-0] INFO  JobContainer - Running by standalone Mode.
2019-10-22 15:21:02.371 [taskGroup-0] INFO  TaskGroupContainer - taskGroupId=[0] start [1] channels for [1] tasks.
2019-10-22 15:21:02.373 [taskGroup-0] INFO  Channel - Channel set byte_speed_limit to -1, No bps activated.
2019-10-22 15:21:02.373 [taskGroup-0] INFO  Channel - Channel set record_speed_limit to -1, No tps activated.
2019-10-22 15:21:02.380 [taskGroup-0] INFO  TaskGroupContainer - taskGroup[0] taskId[0] attemptCount[1] is started
2019-10-22 15:21:02.382 [0-0-0-reader] INFO  CommonRdbmsReader$Task - Begin to read record by Sql: [select * from person 
] jdbcUrl:[jdbc:mysql://localhost:3306/demo?serverTimezone=UTC&yearIsDateType=false&zeroDateTimeBehavior=convertToNull&tinyInt1isBit=false&rewriteBatchedStatements=true].
2019-10-22 15:21:02.415 [0-0-0-reader] INFO  CommonRdbmsReader$Task - Finished read record by Sql: [select * from person 
] jdbcUrl:[jdbc:mysql://localhost:3306/demo?serverTimezone=UTC&yearIsDateType=false&zeroDateTimeBehavior=convertToNull&tinyInt1isBit=false&rewriteBatchedStatements=true].
2019-10-22 15:21:02.481 [taskGroup-0] INFO  TaskGroupContainer - taskGroup[0] taskId[0] is successed, used[102]ms
2019-10-22 15:21:02.481 [taskGroup-0] INFO  TaskGroupContainer - taskGroup[0] completed it's tasks.
2019-10-22 15:21:12.380 [job-0] INFO  StandAloneJobContainerCommunicator - Total 6 records, 155 bytes | Speed 15B/s, 0 records/s | Error 0 records, 0 bytes |  All Task WaitWriterTime 0.000s |  All Task WaitReaderTime 0.035s | Percentage 100.00%
2019-10-22 15:21:12.380 [job-0] INFO  AbstractScheduler - Scheduler accomplished all tasks.
2019-10-22 15:21:12.381 [job-0] INFO  JobContainer - DataX Writer.Job [streamwriter] do post work.
2019-10-22 15:21:12.381 [job-0] INFO  JobContainer - DataX Reader.Job [mysqlreader] do post work.
2019-10-22 15:21:12.381 [job-0] INFO  JobContainer - DataX jobId [0] completed successfully.
2019-10-22 15:21:12.381 [job-0] INFO  HookInvoker - No hook invoked, because base dir not exists or is a file: E:\卫星时序数据异常检测\dodo\static\datax\hook
2019-10-22 15:21:12.382 [job-0] INFO  JobContainer - 
	 [total cpu info] => 
		averageCpu                     | maxDeltaCpu                    | minDeltaCpu                    
		-1.00%                         | -1.00%                         | -1.00%
                        

	 [total gc info] => 
		 NAME                 | totalGCCount       | maxDeltaGCCount    | minDeltaGCCount    | totalGCTime        | maxDeltaGCTime     | minDeltaGCTime     
		 PS MarkSweep         | 0                  | 0                  | 0                  | 0.000s             | 0.000s             | 0.000s             
		 PS Scavenge          | 0                  | 0                  | 0                  | 0.000s             | 0.000s             | 0.000s             

2019-10-22 15:21:12.382 [job-0] INFO  JobContainer - PerfTrace not enable!
2019-10-22 15:21:12.383 [job-0] INFO  StandAloneJobContainerCommunicator - Total 6 records, 155 bytes | Speed 15B/s, 0 records/s | Error 0 records, 0 bytes |  All Task WaitWriterTime 0.000s |  All Task WaitReaderTime 0.035s | Percentage 100.00%
2019-10-22 15:21:12.383 [job-0] INFO  JobContainer - 
任务启动时刻                    : 2019-10-22 15:20:56
任务结束时刻                    : 2019-10-22 15:21:12
任务总计耗时                    :                 15s
任务平均流量                    :               15B/s
记录写入速度                    :              0rec/s
读出记录总数                    :                   6
读写失败总数                    :                   0

