2019-10-18 09:59:10.587 [main] INFO  VMInfo - VMInfo# operatingSystem class => sun.management.OperatingSystemImpl
2019-10-18 09:59:10.603 [main] INFO  Engine - the machine info  => 

	osInfo:	Oracle Corporation 1.8 25.221-b11
	jvmInfo:	Windows 10 amd64 10.0
	cpu num:	6

	totalPhysicalMemory:	-0.00G
	freePhysicalMemory:	-0.00G
	maxFileDescriptorCount:	-1
	currentOpenFileDescriptorCount:	-1

	GC Names	[PS MarkSweep, PS Scavenge]

	MEMORY_NAME                    | allocation_size                | init_size                      
	PS Eden Space                  | 256.00MB                       | 256.00MB                       
	Code Cache                     | 240.00MB                       | 2.44MB                         
	Compressed Class Space         | 1,024.00MB                     | 0.00MB                         
	PS Survivor Space              | 42.50MB                        | 42.50MB                        
	PS Old Gen                     | 683.00MB                       | 683.00MB                       
	Metaspace                      | -0.00MB                        | 0.00MB                         


2019-10-18 09:59:10.603 [main] INFO  Engine - 
{
	"content":[
		{
			"reader":{
				"name":"mysqlreader",
				"parameter":{
					"column":[
						"id",
						"password",
						"username"
					],
					"connection":[
						{
							"jdbcUrl":[
								"jdbc:mysql://localhost:3306/demo?serverTimezone=UTC"
							],
							"table":[
								"user"
							]
						}
					],
					"password":"****",
					"username":"root"
				}
			},
			"writer":{
				"name":"streamwriter",
				"parameter":{
					"encoding":"UTF-8",
					"print":true
				}
			}
		}
	],
	"setting":{
		"speed":{
			"channel":"3"
		}
	}
}

2019-10-18 09:59:10.619 [main] WARN  Engine - prioriy set to 0, because NumberFormatException, the value is: null
2019-10-18 09:59:10.619 [main] INFO  PerfTrace - PerfTrace traceId=job_-1, isEnable=false, priority=0
2019-10-18 09:59:10.619 [main] INFO  JobContainer - DataX jobContainer starts job.
2019-10-18 09:59:10.619 [main] INFO  JobContainer - Set jobId = 0
2019-10-18 09:59:16.134 [job-0] INFO  OriginalConfPretreatmentUtil - Available jdbcUrl:jdbc:mysql://localhost:3306/demo?serverTimezone=UTC&yearIsDateType=false&zeroDateTimeBehavior=convertToNull&tinyInt1isBit=false&rewriteBatchedStatements=true.
2019-10-18 09:59:16.154 [job-0] INFO  OriginalConfPretreatmentUtil - table:[user] has columns:[id,password,username].
2019-10-18 09:59:16.161 [job-0] INFO  JobContainer - jobContainer starts to do prepare ...
2019-10-18 09:59:16.161 [job-0] INFO  JobContainer - DataX Reader.Job [mysqlreader] do prepare work .
2019-10-18 09:59:16.162 [job-0] INFO  JobContainer - DataX Writer.Job [streamwriter] do prepare work .
2019-10-18 09:59:16.162 [job-0] INFO  JobContainer - jobContainer starts to do split ...
2019-10-18 09:59:16.162 [job-0] INFO  JobContainer - Job set Channel-Number to 3 channels.
2019-10-18 09:59:16.165 [job-0] INFO  JobContainer - DataX Reader.Job [mysqlreader] splits to [1] tasks.
2019-10-18 09:59:16.165 [job-0] INFO  JobContainer - DataX Writer.Job [streamwriter] splits to [1] tasks.
2019-10-18 09:59:16.176 [job-0] INFO  JobContainer - jobContainer starts to do schedule ...
2019-10-18 09:59:16.179 [job-0] INFO  JobContainer - Scheduler starts [1] taskGroups.
2019-10-18 09:59:16.180 [job-0] INFO  JobContainer - Running by standalone Mode.
2019-10-18 09:59:16.184 [taskGroup-0] INFO  TaskGroupContainer - taskGroupId=[0] start [1] channels for [1] tasks.
2019-10-18 09:59:16.187 [taskGroup-0] INFO  Channel - Channel set byte_speed_limit to -1, No bps activated.
2019-10-18 09:59:16.187 [taskGroup-0] INFO  Channel - Channel set record_speed_limit to -1, No tps activated.
2019-10-18 09:59:16.195 [taskGroup-0] INFO  TaskGroupContainer - taskGroup[0] taskId[0] attemptCount[1] is started
2019-10-18 09:59:16.220 [0-0-0-reader] INFO  CommonRdbmsReader$Task - Begin to read record by Sql: [select id,password,username from user 
] jdbcUrl:[jdbc:mysql://localhost:3306/demo?serverTimezone=UTC&yearIsDateType=false&zeroDateTimeBehavior=convertToNull&tinyInt1isBit=false&rewriteBatchedStatements=true].
2019-10-18 09:59:16.253 [0-0-0-reader] INFO  CommonRdbmsReader$Task - Finished read record by Sql: [select id,password,username from user 
] jdbcUrl:[jdbc:mysql://localhost:3306/demo?serverTimezone=UTC&yearIsDateType=false&zeroDateTimeBehavior=convertToNull&tinyInt1isBit=false&rewriteBatchedStatements=true].
2019-10-18 09:59:16.317 [taskGroup-0] INFO  TaskGroupContainer - taskGroup[0] taskId[0] is successed, used[123]ms
2019-10-18 09:59:16.317 [taskGroup-0] INFO  TaskGroupContainer - taskGroup[0] completed it's tasks.
2019-10-18 09:59:26.193 [job-0] INFO  StandAloneJobContainerCommunicator - Total 3 records, 34 bytes | Speed 3B/s, 0 records/s | Error 0 records, 0 bytes |  All Task WaitWriterTime 0.000s |  All Task WaitReaderTime 0.000s | Percentage 100.00%
2019-10-18 09:59:26.193 [job-0] INFO  AbstractScheduler - Scheduler accomplished all tasks.
2019-10-18 09:59:26.193 [job-0] INFO  JobContainer - DataX Writer.Job [streamwriter] do post work.
2019-10-18 09:59:26.193 [job-0] INFO  JobContainer - DataX Reader.Job [mysqlreader] do post work.
2019-10-18 09:59:26.193 [job-0] INFO  JobContainer - DataX jobId [0] completed successfully.
2019-10-18 09:59:26.193 [job-0] INFO  HookInvoker - No hook invoked, because base dir not exists or is a file: E:\卫星时序数据异常检测\dodo\static\datax\hook
2019-10-18 09:59:26.193 [job-0] INFO  JobContainer - 
	 [total cpu info] => 
		averageCpu                     | maxDeltaCpu                    | minDeltaCpu                    
		-1.00%                         | -1.00%                         | -1.00%
                        

	 [total gc info] => 
		 NAME                 | totalGCCount       | maxDeltaGCCount    | minDeltaGCCount    | totalGCTime        | maxDeltaGCTime     | minDeltaGCTime     
		 PS MarkSweep         | 0                  | 0                  | 0                  | 0.000s             | 0.000s             | 0.000s             
		 PS Scavenge          | 0                  | 0                  | 0                  | 0.000s             | 0.000s             | 0.000s             

2019-10-18 09:59:26.193 [job-0] INFO  JobContainer - PerfTrace not enable!
2019-10-18 09:59:26.193 [job-0] INFO  StandAloneJobContainerCommunicator - Total 3 records, 34 bytes | Speed 3B/s, 0 records/s | Error 0 records, 0 bytes |  All Task WaitWriterTime 0.000s |  All Task WaitReaderTime 0.000s | Percentage 100.00%
2019-10-18 09:59:26.193 [job-0] INFO  JobContainer - 
任务启动时刻                    : 2019-10-18 09:59:10
任务结束时刻                    : 2019-10-18 09:59:26
任务总计耗时                    :                 15s
任务平均流量                    :                3B/s
记录写入速度                    :              0rec/s
读出记录总数                    :                   3
读写失败总数                    :                   0

