2019-10-10 15:24:55.666 [main] INFO  VMInfo - VMInfo# operatingSystem class => sun.management.OperatingSystemImpl
2019-10-10 15:24:55.666 [main] INFO  Engine - the machine info  => 

	osInfo:	Oracle Corporation 1.8 25.221-b11
	jvmInfo:	Windows 10 amd64 10.0
	cpu num:	6

	totalPhysicalMemory:	-0.00G
	freePhysicalMemory:	-0.00G
	maxFileDescriptorCount:	-1
	currentOpenFileDescriptorCount:	-1

	GC Names	[PS MarkSweep, PS Scavenge]

	MEMORY_NAME                    | allocation_size                | init_size                      
	PS Eden Space                  | 256.00MB                       | 256.00MB                       
	Code Cache                     | 240.00MB                       | 2.44MB                         
	Compressed Class Space         | 1,024.00MB                     | 0.00MB                         
	PS Survivor Space              | 42.50MB                        | 42.50MB                        
	PS Old Gen                     | 683.00MB                       | 683.00MB                       
	Metaspace                      | -0.00MB                        | 0.00MB                         


2019-10-10 15:24:55.686 [main] INFO  Engine - 
{
	"content":[
		{
			"reader":{
				"name":"streamreader",
				"parameter":{
					"column":[
						{
							"type":"long",
							"value":"10"
						},
						{
							"type":"string",
							"value":"hello，你好，世界-DataX"
						}
					],
					"sliceRecordCount":10
				}
			},
			"writer":{
				"name":"streamwriter",
				"parameter":{
					"encoding":"UTF-8",
					"print":true
				}
			}
		}
	],
	"setting":{
		"speed":{
			"channel":5
		}
	}
}

2019-10-10 15:24:55.701 [main] WARN  Engine - prioriy set to 0, because NumberFormatException, the value is: null
2019-10-10 15:24:55.733 [main] INFO  PerfTrace - PerfTrace traceId=job_-1, isEnable=false, priority=0
2019-10-10 15:24:55.733 [main] INFO  JobContainer - DataX jobContainer starts job.
2019-10-10 15:24:55.733 [main] INFO  JobContainer - Set jobId = 0
2019-10-10 15:24:55.795 [job-0] INFO  JobContainer - jobContainer starts to do prepare ...
2019-10-10 15:24:55.795 [job-0] INFO  JobContainer - DataX Reader.Job [streamreader] do prepare work .
2019-10-10 15:24:55.795 [job-0] INFO  JobContainer - DataX Writer.Job [streamwriter] do prepare work .
2019-10-10 15:24:55.795 [job-0] INFO  JobContainer - jobContainer starts to do split ...
2019-10-10 15:24:55.795 [job-0] INFO  JobContainer - Job set Channel-Number to 5 channels.
2019-10-10 15:24:55.795 [job-0] INFO  JobContainer - DataX Reader.Job [streamreader] splits to [5] tasks.
2019-10-10 15:24:55.795 [job-0] INFO  JobContainer - DataX Writer.Job [streamwriter] splits to [5] tasks.
2019-10-10 15:24:55.811 [job-0] INFO  JobContainer - jobContainer starts to do schedule ...
2019-10-10 15:24:55.811 [job-0] INFO  JobContainer - Scheduler starts [1] taskGroups.
2019-10-10 15:24:55.811 [job-0] INFO  JobContainer - Running by standalone Mode.
2019-10-10 15:24:55.826 [taskGroup-0] INFO  TaskGroupContainer - taskGroupId=[0] start [5] channels for [5] tasks.
2019-10-10 15:24:55.826 [taskGroup-0] INFO  Channel - Channel set byte_speed_limit to -1, No bps activated.
2019-10-10 15:24:55.826 [taskGroup-0] INFO  Channel - Channel set record_speed_limit to -1, No tps activated.
2019-10-10 15:24:55.826 [taskGroup-0] INFO  TaskGroupContainer - taskGroup[0] taskId[1] attemptCount[1] is started
2019-10-10 15:24:55.826 [taskGroup-0] INFO  TaskGroupContainer - taskGroup[0] taskId[4] attemptCount[1] is started
2019-10-10 15:24:55.842 [taskGroup-0] INFO  TaskGroupContainer - taskGroup[0] taskId[2] attemptCount[1] is started
2019-10-10 15:24:55.842 [taskGroup-0] INFO  TaskGroupContainer - taskGroup[0] taskId[0] attemptCount[1] is started
2019-10-10 15:24:55.842 [taskGroup-0] INFO  TaskGroupContainer - taskGroup[0] taskId[3] attemptCount[1] is started
2019-10-10 15:24:55.951 [taskGroup-0] INFO  TaskGroupContainer - taskGroup[0] taskId[0] is successed, used[109]ms
2019-10-10 15:24:55.951 [taskGroup-0] INFO  TaskGroupContainer - taskGroup[0] taskId[1] is successed, used[125]ms
2019-10-10 15:24:55.951 [taskGroup-0] INFO  TaskGroupContainer - taskGroup[0] taskId[3] is successed, used[109]ms
2019-10-10 15:24:55.951 [taskGroup-0] INFO  TaskGroupContainer - taskGroup[0] taskId[4] is successed, used[125]ms
2019-10-10 15:24:56.170 [taskGroup-0] INFO  TaskGroupContainer - taskGroup[0] taskId[2] is successed, used[328]ms
2019-10-10 15:24:56.170 [taskGroup-0] INFO  TaskGroupContainer - taskGroup[0] completed it's tasks.
2019-10-10 15:25:05.829 [job-0] INFO  StandAloneJobContainerCommunicator - Total 50 records, 950 bytes | Speed 95B/s, 5 records/s | Error 0 records, 0 bytes |  All Task WaitWriterTime 0.000s |  All Task WaitReaderTime 0.002s | Percentage 100.00%
2019-10-10 15:25:05.829 [job-0] INFO  AbstractScheduler - Scheduler accomplished all tasks.
2019-10-10 15:25:05.829 [job-0] INFO  JobContainer - DataX Writer.Job [streamwriter] do post work.
2019-10-10 15:25:05.829 [job-0] INFO  JobContainer - DataX Reader.Job [streamreader] do post work.
2019-10-10 15:25:05.829 [job-0] INFO  JobContainer - DataX jobId [0] completed successfully.
2019-10-10 15:25:05.829 [job-0] INFO  HookInvoker - No hook invoked, because base dir not exists or is a file: D:\Software\datax\hook
2019-10-10 15:25:05.829 [job-0] INFO  JobContainer - 
	 [total cpu info] => 
		averageCpu                     | maxDeltaCpu                    | minDeltaCpu                    
		-1.00%                         | -1.00%                         | -1.00%
                        

	 [total gc info] => 
		 NAME                 | totalGCCount       | maxDeltaGCCount    | minDeltaGCCount    | totalGCTime        | maxDeltaGCTime     | minDeltaGCTime     
		 PS MarkSweep         | 0                  | 0                  | 0                  | 0.000s             | 0.000s             | 0.000s             
		 PS Scavenge          | 0                  | 0                  | 0                  | 0.000s             | 0.000s             | 0.000s             

2019-10-10 15:25:05.829 [job-0] INFO  JobContainer - PerfTrace not enable!
2019-10-10 15:25:05.829 [job-0] INFO  StandAloneJobContainerCommunicator - Total 50 records, 950 bytes | Speed 95B/s, 5 records/s | Error 0 records, 0 bytes |  All Task WaitWriterTime 0.000s |  All Task WaitReaderTime 0.002s | Percentage 100.00%
2019-10-10 15:25:05.829 [job-0] INFO  JobContainer - 
任务启动时刻                    : 2019-10-10 15:24:55
任务结束时刻                    : 2019-10-10 15:25:05
任务总计耗时                    :                 10s
任务平均流量                    :               95B/s
记录写入速度                    :              5rec/s
读出记录总数                    :                  50
读写失败总数                    :                   0

